# JRE version: OpenJDK Runtime Environment Temurin-11.0.31+11 (11.0.31+11) (build 11.0.31+11)
# Java VM: OpenJDK 64-Bit Server VM Temurin-11.0.31+11 (11.0.31+11, mixed mode, tiered, compressed oops, g1 gc, windows-amd64)
Heap:
 garbage-first heap   total 464896K, used 402132K [0x0000000701e00000, 0x0000000800000000)
  region size 1024K, 61 young (62464K), 1 survivors (1024K)
 Metaspace       used 126705K, capacity 137778K, committed 137880K, reserved 1169408K
  class space    used 13805K, capacity 17830K, committed 17920K, reserved 1048576K
GC Heap History (20 events):
Event: 55.541 GC heap before
{Heap before GC invocations=97 (full 0):
 garbage-first heap   total 464896K, used 363213K [0x0000000701e00000, 0x0000000800000000)
  region size 1024K, 22 young (22528K), 1 survivors (1024K)
 Metaspace       used 126577K, capacity 137649K, committed 137880K, reserved 1169408K
  class space    used 13804K, capacity 17830K, committed 17920K, reserved 1048576K
}
Event: 55.543 GC heap after
{Heap after GC invocations=98 (full 0):
 garbage-first heap   total 464896K, used 341480K [0x0000000701e00000, 0x0000000800000000)
  region size 1024K, 1 young (1024K), 1 survivors (1024K)
 Metaspace       used 126577K, capacity 137649K, committed 137880K, reserved 1169408K
  class space    used 13804K, capacity 17830K, committed 17920K, reserved 1048576K
}
Event: 56.061 GC heap before
{Heap before GC invocations=98 (full 0):
 garbage-first heap   total 464896K, used 412136K [0x0000000701e00000, 0x0000000800000000)
  region size 1024K, 70 young (71680K), 1 survivors (1024K)
 Metaspace       used 126603K, capacity 137649K, committed 137880K, reserved 1169408K
  class space    used 13804K, capacity 17830K, committed 17920K, reserved 1048576K
}
Event: 56.064 GC heap after
{Heap after GC invocations=99 (full 0):
 garbage-first heap   total 464896K, used 341519K [0x0000000701e00000, 0x0000000800000000)
  region size 1024K, 1 young (1024K), 1 survivors (1024K)
 Metaspace       used 126603K, capacity 137649K, committed 137880K, reserved 1169408K
  class space    used 13804K, capacity 17830K, committed 17920K, reserved 1048576K
}
Event: 56.593 GC heap before
{Heap before GC invocations=100 (full 0):
 garbage-first heap   total 464896K, used 412175K [0x0000000701e00000, 0x0000000800000000)
  region size 1024K, 70 young (71680K), 1 survivors (1024K)
 Metaspace       used 126604K, capacity 137649K, committed 137880K, reserved 1169408K
  class space    used 13804K, capacity 17830K, committed 17920K, reserved 1048576K
}
Event: 56.595 GC heap after
{Heap after GC invocations=101 (full 0):
 garbage-first heap   total 464896K, used 341521K [0x0000000701e00000, 0x0000000800000000)
  region size 1024K, 1 young (1024K), 1 survivors (1024K)
 Metaspace       used 126604K, capacity 137649K, committed 137880K, reserved 1169408K
  class space    used 13804K, capacity 17830K, committed 17920K, reserved 1048576K
}
Event: 57.083 GC heap before
{Heap before GC invocations=101 (full 0):
 garbage-first heap   total 464896K, used 412177K [0x0000000701e00000, 0x0000000800000000)
  region size 1024K, 70 young (71680K), 1 survivors (1024K)
 Metaspace       used 126637K, capacity 137649K, committed 137880K, reserved 1169408K
  class space    used 13804K, capacity 17830K, committed 17920K, reserved 1048576K
}
Event: 57.087 GC heap after
{Heap after GC invocations=102 (full 0):
 garbage-first heap   total 464896K, used 341538K [0x0000000701e00000, 0x0000000800000000)
  region size 1024K, 1 young (1024K), 1 survivors (1024K)
 Metaspace       used 126637K, capacity 137649K, committed 137880K, reserved 1169408K
  class space    used 13804K, capacity 17830K, committed 17920K, reserved 1048576K
}
Event: 57.638 GC heap before
{Heap before GC invocations=103 (full 0):
 garbage-first heap   total 464896K, used 412194K [0x0000000701e00000, 0x0000000800000000)
  region size 1024K, 70 young (71680K), 1 survivors (1024K)
 Metaspace       used 126640K, capacity 137649K, committed 137880K, reserved 1169408K
  class space    used 13804K, capacity 17830K, committed 17920K, reserved 1048576K
}
Event: 57.640 GC heap after
{Heap after GC invocations=104 (full 0):
 garbage-first heap   total 464896K, used 341537K [0x0000000701e00000, 0x0000000800000000)
  region size 1024K, 1 young (1024K), 1 survivors (1024K)
 Metaspace       used 126640K, capacity 137649K, committed 137880K, reserved 1169408K
  class space    used 13804K, capacity 17830K, committed 17920K, reserved 1048576K
}
Event: 58.147 GC heap before
{Heap before GC invocations=104 (full 0):
 garbage-first heap   total 464896K, used 413217K [0x0000000701e00000, 0x0000000800000000)
  region size 1024K, 71 young (72704K), 1 survivors (1024K)
 Metaspace       used 126648K, capacity 137649K, committed 137880K, reserved 1169408K
  class space    used 13804K, capacity 17830K, committed 17920K, reserved 1048576K
}
Event: 58.150 GC heap after
{Heap after GC invocations=105 (full 0):
 garbage-first heap   total 464896K, used 341642K [0x0000000701e00000, 0x0000000800000000)
  region size 1024K, 1 young (1024K), 1 survivors (1024K)
 Metaspace       used 126648K, capacity 137649K, committed 137880K, reserved 1169408K
  class space    used 13804K, capacity 17830K, committed 17920K, reserved 1048576K
}
Event: 58.798 GC heap before
{Heap before GC invocations=106 (full 0):
 garbage-first heap   total 464896K, used 413322K [0x0000000701e00000, 0x0000000800000000)
  region size 1024K, 71 young (72704K), 1 survivors (1024K)
 Metaspace       used 126681K, capacity 137713K, committed 137880K, reserved 1169408K
  class space    used 13804K, capacity 17830K, committed 17920K, reserved 1048576K
}
Event: 58.801 GC heap after
{Heap after GC invocations=107 (full 0):
 garbage-first heap   total 464896K, used 341672K [0x0000000701e00000, 0x0000000800000000)
  region size 1024K, 1 young (1024K), 1 survivors (1024K)
 Metaspace       used 126681K, capacity 137713K, committed 137880K, reserved 1169408K
  class space    used 13804K, capacity 17830K, committed 17920K, reserved 1048576K
}
Event: 59.321 GC heap before
{Heap before GC invocations=107 (full 0):
 garbage-first heap   total 464896K, used 413352K [0x0000000701e00000, 0x0000000800000000)
  region size 1024K, 71 young (72704K), 1 survivors (1024K)
 Metaspace       used 126683K, capacity 137713K, committed 137880K, reserved 1169408K
  class space    used 13804K, capacity 17830K, committed 17920K, reserved 1048576K
}
Event: 59.324 GC heap after
{Heap after GC invocations=108 (full 0):
 garbage-first heap   total 464896K, used 341680K [0x0000000701e00000, 0x0000000800000000)
  region size 1024K, 1 young (1024K), 1 survivors (1024K)
 Metaspace       used 126683K, capacity 137713K, committed 137880K, reserved 1169408K
  class space    used 13804K, capacity 17830K, committed 17920K, reserved 1048576K
}
Event: 59.945 GC heap before
{Heap before GC invocations=109 (full 0):
 garbage-first heap   total 464896K, used 413360K [0x0000000701e00000, 0x0000000800000000)
  region size 1024K, 71 young (72704K), 1 survivors (1024K)
 Metaspace       used 126702K, capacity 137777K, committed 137880K, reserved 1169408K
  class space    used 13805K, capacity 17830K, committed 17920K, reserved 1048576K
}
Event: 59.948 GC heap after
{Heap after GC invocations=110 (full 0):
 garbage-first heap   total 464896K, used 341695K [0x0000000701e00000, 0x0000000800000000)
  region size 1024K, 1 young (1024K), 1 survivors (1024K)
 Metaspace       used 126702K, capacity 137777K, committed 137880K, reserved 1169408K
  class space    used 13805K, capacity 17830K, committed 17920K, reserved 1048576K
}
Event: 60.485 GC heap before
{Heap before GC invocations=110 (full 0):
 garbage-first heap   total 464896K, used 413375K [0x0000000701e00000, 0x0000000800000000)
  region size 1024K, 71 young (72704K), 1 survivors (1024K)
 Metaspace       used 126703K, capacity 137777K, committed 137880K, reserved 1169408K
  class space    used 13805K, capacity 17830K, committed 17920K, reserved 1048576K
}
Event: 60.489 GC heap after
{Heap after GC invocations=111 (full 0):
 garbage-first heap   total 464896K, used 341716K [0x0000000701e00000, 0x0000000800000000)
  region size 1024K, 1 young (1024K), 1 survivors (1024K)
 Metaspace       used 126703K, capacity 137777K, committed 137880K, reserved 1169408K
  class space    used 13805K, capacity 17830K, committed 17920K, reserved 1048576K
}

